<?xml version="1.0" encoding="UTF-8"?>
<!-- Generated by org.testng.reporters.JUnitReportReporter -->
<testsuite skipped="0" hostname="BDC8-DX-41FRX52" name="com.test.Testing" tests="1" failures="0" timestamp="17 Jul 2018 06:54:27 GMT" time="8.540" errors="0">
  <testcase name="testLogin" time="8.540" classname="com.test.Testing"/>
</testsuite> <!-- com.test.Testing -->
