<?xml version="1.0" encoding="UTF-8"?>
<!-- Generated by org.testng.reporters.JUnitReportReporter -->
<testsuite skipped="0" hostname="BDC8-DX-41FRX52" name="com.test.Testing" tests="2" failures="0" timestamp="18 Jul 2018 05:16:11 GMT" time="27.551" errors="0">
  <testcase name="testLogin" time="9.703" classname="com.test.Testing"/>
  <testcase name="testLogin" time="17.848" classname="com.test.Testing"/>
</testsuite> <!-- com.test.Testing -->
